<?xml version="1.0" encoding="UTF-8"?>
<!-- Generated by org.testng.reporters.JUnitReportReporter -->
<testsuite hostname="sreekarj" name="tests.sharelinksTest" tests="1" failures="0" timestamp="22 Sep 2014 10:17:09 GMT" time="123.930" errors="0">
  <testcase name="targetSharelinks" time="123.930" classname="tests.sharelinksTest"/>
</testsuite> <!-- tests.sharelinksTest -->
