<?xml version="1.0" encoding="UTF-8"?>
<!-- Generated by org.testng.reporters.JUnitReportReporter -->
<testsuite hostname="sreekarj" name="tests.footerTest" tests="1" failures="0" timestamp="22 Sep 2014 10:17:09 GMT" time="65.409" errors="0">
  <testcase name="targetfooter" time="65.409" classname="tests.footerTest"/>
</testsuite> <!-- tests.footerTest -->
