<?xml version="1.0" encoding="UTF-8"?>
<!-- Generated by org.testng.reporters.JUnitReportReporter -->
<testsuite hostname="sreekarj" name="tests.headerTest" tests="1" failures="0" timestamp="22 Sep 2014 10:17:09 GMT" time="209.714" errors="0">
  <testcase name="targetHeader" time="209.714" classname="tests.headerTest"/>
</testsuite> <!-- tests.headerTest -->
