<?xml version="1.0" encoding="UTF-8"?>
<!-- Generated by org.testng.reporters.JUnitReportReporter -->
<testsuite hostname="sreekarj" name="tests.NewTest" tests="1" failures="0" timestamp="19 Sep 2014 14:00:34 GMT" time="0.018" errors="0">
  <testcase name="ma" time="0.018" classname="tests.NewTest"/>
</testsuite> <!-- tests.NewTest -->
